<?xml version="1.0" encoding="utf-8"?><testsuites name="pytest tests"><testsuite name="pytest" errors="0" failures="0" skipped="0" tests="10" time="19.571" timestamp="2026-02-17T06:52:17.230530+00:00" hostname="agent-env-01c00f64-1720-4697-bd3a-1ff7d7b8d14e"><testcase classname="backend.tests.test_theme_api.TestThemeAPI" name="test_theme_endpoint_requires_auth" time="1.195" /><testcase classname="backend.tests.test_theme_api.TestThemeAPI" name="test_theme_update_invalid_theme" time="2.076" /><testcase classname="backend.tests.test_theme_api.TestThemeAPI" name="test_theme_update_missing_theme" time="0.906" /><testcase classname="backend.tests.test_theme_api.TestThemeAPI" name="test_theme_update_success" time="1.563" /><testcase classname="backend.tests.test_theme_api.TestThemeAPI" name="test_all_valid_themes" time="5.963" /><testcase classname="backend.tests.test_theme_api.TestPublicProfileAPI" name="test_public_profile_returns_theme" time="1.119" /><testcase classname="backend.tests.test_theme_api.TestPublicProfileAPI" name="test_public_profile_invalid_handle" time="1.325" /><testcase classname="backend.tests.test_theme_api.TestLoginAPI" name="test_login_success" time="1.081" /><testcase classname="backend.tests.test_theme_api.TestLoginAPI" name="test_login_invalid_credentials" time="1.297" /><testcase classname="backend.tests.test_theme_api.TestLoginAPI" name="test_login_missing_fields" time="2.938" /></testsuite></testsuites>