<?xml version="1.0" encoding="utf-8"?><testsuites name="pytest tests"><testsuite name="pytest" errors="0" failures="0" skipped="0" tests="13" time="5.590" timestamp="2026-02-25T16:47:01.257919+00:00" hostname="agent-env-f8cb2760-fa66-4bf0-b207-96e656b0e375"><testcase classname="backend.tests.test_admin_api.TestAdminAuthorization" name="test_admin_login_returns_isAdmin_true" time="0.660" /><testcase classname="backend.tests.test_admin_api.TestAdminAuthorization" name="test_normal_user_login_returns_isAdmin_false" time="0.430" /><testcase classname="backend.tests.test_admin_api.TestAdminAPIs" name="test_admin_stats_endpoint_for_admin_user" time="0.695" /><testcase classname="backend.tests.test_admin_api.TestAdminAPIs" name="test_admin_users_endpoint_for_admin_user" time="0.492" /><testcase classname="backend.tests.test_admin_api.TestAdminAPIs" name="test_admin_users_search" time="0.467" /><testcase classname="backend.tests.test_admin_api.TestAdminAPIs" name="test_admin_feedback_endpoint_for_admin_user" time="0.481" /><testcase classname="backend.tests.test_admin_api.TestAdminAPIs" name="test_admin_feedback_filter_by_source" time="0.496" /><testcase classname="backend.tests.test_admin_api.TestNonAdminAccess" name="test_non_admin_denied_stats_endpoint" time="0.500" /><testcase classname="backend.tests.test_admin_api.TestNonAdminAccess" name="test_non_admin_denied_users_endpoint" time="0.503" /><testcase classname="backend.tests.test_admin_api.TestNonAdminAccess" name="test_non_admin_denied_feedback_endpoint" time="0.478" /><testcase classname="backend.tests.test_admin_api.TestUnauthenticatedAccess" name="test_unauthenticated_stats_returns_401" time="0.123" /><testcase classname="backend.tests.test_admin_api.TestUnauthenticatedAccess" name="test_unauthenticated_users_returns_401" time="0.111" /><testcase classname="backend.tests.test_admin_api.TestUnauthenticatedAccess" name="test_unauthenticated_feedback_returns_401" time="0.091" /></testsuite></testsuites>