<?xml version="1.0" encoding="utf-8"?><testsuites name="pytest tests"><testsuite name="pytest" errors="0" failures="0" skipped="0" tests="12" time="2.948" timestamp="2026-02-25T13:08:14.075977+00:00" hostname="agent-env-f8cb2760-fa66-4bf0-b207-96e656b0e375"><testcase classname="backend.tests.test_feedback_api.TestSuggestionsAPI" name="test_submit_suggestion_requires_auth" time="0.392" /><testcase classname="backend.tests.test_feedback_api.TestSuggestionsAPI" name="test_submit_suggestion_success" time="0.510" /><testcase classname="backend.tests.test_feedback_api.TestSuggestionsAPI" name="test_submit_suggestion_too_short" time="0.506" /><testcase classname="backend.tests.test_feedback_api.TestSuggestionsAPI" name="test_submit_suggestion_too_long" time="0.067" /><testcase classname="backend.tests.test_feedback_api.TestSuggestionsAPI" name="test_submit_suggestion_empty" time="0.101" /><testcase classname="backend.tests.test_feedback_api.TestSuggestionsAPI" name="test_submit_suggestion_missing_field" time="0.076" /><testcase classname="backend.tests.test_feedback_api.TestSuggestionsAPI" name="test_suggestion_rate_limiting" time="0.713" /><testcase classname="backend.tests.test_feedback_api.TestAdminFeedbackAPI" name="test_admin_feedback_requires_auth" time="0.112" /><testcase classname="backend.tests.test_feedback_api.TestAdminFeedbackAPI" name="test_admin_feedback_forbidden_for_normal_user" time="0.103" /><testcase classname="backend.tests.test_feedback_api.TestAdminFeedbackAPI" name="test_admin_feedback_success" time="0.072" /><testcase classname="backend.tests.test_feedback_api.TestLandingPagePricing" name="test_landing_page_loads" time="0.109" /><testcase classname="backend.tests.test_feedback_api.TestLandingPagePricing" name="test_pricing_shows_free_only" time="0.106" /></testsuite></testsuites>