<?xml version="1.0" encoding="utf-8"?><testsuites name="pytest tests"><testsuite name="pytest" errors="0" failures="0" skipped="0" tests="20" time="35.770" timestamp="2026-02-24T19:12:48.716224+00:00" hostname="agent-env-f8cb2760-fa66-4bf0-b207-96e656b0e375"><testcase classname="backend.tests.test_analytics_api.TestAnalyticsTrackAPI" name="test_track_view_event_success" time="1.478" /><testcase classname="backend.tests.test_analytics_api.TestAnalyticsTrackAPI" name="test_track_click_event_success" time="0.918" /><testcase classname="backend.tests.test_analytics_api.TestAnalyticsTrackAPI" name="test_track_view_with_referrer" time="0.721" /><testcase classname="backend.tests.test_analytics_api.TestAnalyticsTrackAPI" name="test_track_invalid_event_type" time="0.730" /><testcase classname="backend.tests.test_analytics_api.TestAnalyticsTrackAPI" name="test_track_invalid_profile_id" time="0.745" /><testcase classname="backend.tests.test_analytics_api.TestAnalyticsTrackAPI" name="test_track_missing_profile_id" time="3.143" /><testcase classname="backend.tests.test_analytics_api.TestAnalyticsTrackAPI" name="test_track_missing_event_type" time="1.488" /><testcase classname="backend.tests.test_analytics_api.TestAnalyticsGetAPI" name="test_get_analytics_without_auth" time="0.697" /><testcase classname="backend.tests.test_analytics_api.TestAnalyticsGetAPI" name="test_get_analytics_default_period" time="2.393" /><testcase classname="backend.tests.test_analytics_api.TestAnalyticsGetAPI" name="test_get_analytics_7d_period" time="5.631" /><testcase classname="backend.tests.test_analytics_api.TestAnalyticsGetAPI" name="test_get_analytics_30d_period" time="2.674" /><testcase classname="backend.tests.test_analytics_api.TestAnalyticsGetAPI" name="test_get_analytics_90d_period" time="2.063" /><testcase classname="backend.tests.test_analytics_api.TestAnalyticsGetAPI" name="test_get_analytics_sparkline_data" time="1.699" /><testcase classname="backend.tests.test_analytics_api.TestAnalyticsGetAPI" name="test_get_analytics_daily_breakdown" time="1.718" /><testcase classname="backend.tests.test_analytics_api.TestAnalyticsGetAPI" name="test_get_analytics_referrers" time="1.803" /><testcase classname="backend.tests.test_analytics_api.TestAnalyticsGetAPI" name="test_get_analytics_top_links" time="1.702" /><testcase classname="backend.tests.test_analytics_api.TestUploadSignatureAPI" name="test_get_signature_without_auth" time="0.743" /><testcase classname="backend.tests.test_analytics_api.TestUploadSignatureAPI" name="test_get_signature_success" time="1.768" /><testcase classname="backend.tests.test_analytics_api.TestUploadSignatureAPI" name="test_get_signature_image_type" time="1.913" /><testcase classname="backend.tests.test_analytics_api.TestUploadSignatureAPI" name="test_get_signature_with_custom_folder" time="1.677" /></testsuite></testsuites>