<?xml version="1.0" encoding="utf-8"?><testsuites name="pytest tests"><testsuite name="pytest" errors="0" failures="1" skipped="0" tests="20" time="48.529" timestamp="2026-02-20T18:18:13.577816+00:00" hostname="agent-env-6480a568-f8be-4393-b0d2-aa9fcc00fe17"><testcase classname="backend.tests.test_sections_api.TestSectionsAPI" name="test_get_sections_without_auth_returns_401" time="2.643" /><testcase classname="backend.tests.test_sections_api.TestSectionsAPI" name="test_post_sections_without_auth_returns_401" time="1.798" /><testcase classname="backend.tests.test_sections_api.TestSectionsAPI" name="test_get_sections_authenticated" time="1.762" /><testcase classname="backend.tests.test_sections_api.TestSectionsAPI" name="test_add_about_section" time="3.509" /><testcase classname="backend.tests.test_sections_api.TestSectionsAPI" name="test_add_retreat_section" time="1.969" /><testcase classname="backend.tests.test_sections_api.TestSectionsAPI" name="test_add_testimonials_section" time="1.806" /><testcase classname="backend.tests.test_sections_api.TestSectionsAPI" name="test_add_video_section" time="1.949" /><testcase classname="backend.tests.test_sections_api.TestSectionsAPI" name="test_add_gallery_section" time="1.743" /><testcase classname="backend.tests.test_sections_api.TestSectionsAPI" name="test_add_section_missing_type_returns_400" time="1.728" /><testcase classname="backend.tests.test_sections_api.TestSectionsAPI" name="test_add_section_missing_data_returns_400" time="1.673" /><testcase classname="backend.tests.test_sections_api.TestSectionsAPI" name="test_update_section_data" time="3.594" /><testcase classname="backend.tests.test_sections_api.TestSectionsAPI" name="test_toggle_section_visibility" time="4.105" /><testcase classname="backend.tests.test_sections_api.TestSectionsAPI" name="test_update_missing_section_id_returns_400" time="1.699" /><testcase classname="backend.tests.test_sections_api.TestSectionsAPI" name="test_update_nonexistent_section_returns_404" time="1.766" /><testcase classname="backend.tests.test_sections_api.TestSectionsAPI" name="test_delete_section" time="2.436"><failure message="AssertionError: Expected 200, got 400&#10;assert 400 == 200&#10; +  where 400 = &lt;Response [400]&gt;.status_code">backend/tests/test_sections_api.py:326: in test_delete_section
    assert delete_response.status_code == 200, f"Expected 200, got {delete_response.status_code}"
E   AssertionError: Expected 200, got 400
E   assert 400 == 200
E    +  where 400 = &lt;Response [400]&gt;.status_code</failure></testcase><testcase classname="backend.tests.test_sections_api.TestSectionsAPI" name="test_delete_missing_section_id_returns_400" time="1.892" /><testcase classname="backend.tests.test_sections_api.TestSectionsAPI" name="test_reorder_sections" time="4.796" /><testcase classname="backend.tests.test_sections_api.TestSectionsAPI" name="test_reorder_invalid_ids_returns_400" time="1.681" /><testcase classname="backend.tests.test_sections_api.TestSectionsAPI" name="test_public_profile_includes_sections" time="1.994" /><testcase classname="backend.tests.test_sections_api.TestSectionsCleanup" name="test_cleanup_test_sections" time="3.823" /></testsuite></testsuites>