<?xml version="1.0" encoding="utf-8"?><testsuites name="pytest tests"><testsuite name="pytest" errors="0" failures="0" skipped="0" tests="21" time="35.602" timestamp="2026-02-19T09:12:27.845892+00:00" hostname="agent-env-c676f5b9-5b2e-4c2c-81d7-f3165d2260bb"><testcase classname="backend.tests.test_blocks_api.TestBlocksAuthentication" name="test_get_blocks_requires_auth" time="1.748" /><testcase classname="backend.tests.test_blocks_api.TestBlocksAuthentication" name="test_post_blocks_requires_auth" time="0.750" /><testcase classname="backend.tests.test_blocks_api.TestBlocksAuthentication" name="test_delete_block_requires_auth" time="1.351" /><testcase classname="backend.tests.test_blocks_api.TestBlocksAuthentication" name="test_reorder_blocks_requires_auth" time="0.748" /><testcase classname="backend.tests.test_blocks_api.TestBlocksCRUD" name="test_create_link_block" time="2.592" /><testcase classname="backend.tests.test_blocks_api.TestBlocksCRUD" name="test_create_retreat_block" time="0.708" /><testcase classname="backend.tests.test_blocks_api.TestBlocksCRUD" name="test_create_testimonial_block" time="0.738" /><testcase classname="backend.tests.test_blocks_api.TestBlocksCRUD" name="test_get_all_blocks" time="0.687" /><testcase classname="backend.tests.test_blocks_api.TestBlocksCRUD" name="test_update_block" time="2.054" /><testcase classname="backend.tests.test_blocks_api.TestBlocksCRUD" name="test_delete_block" time="2.106" /><testcase classname="backend.tests.test_blocks_api.TestBlocksCRUD" name="test_get_single_block" time="1.674" /><testcase classname="backend.tests.test_blocks_api.TestBlocksCRUD" name="test_get_invalid_block_id" time="0.715" /><testcase classname="backend.tests.test_blocks_api.TestBlocksCRUD" name="test_get_nonexistent_block" time="0.705" /><testcase classname="backend.tests.test_blocks_api.TestBlocksReorder" name="test_reorder_blocks" time="4.388" /><testcase classname="backend.tests.test_blocks_api.TestBlocksReorder" name="test_reorder_with_invalid_ids" time="0.685" /><testcase classname="backend.tests.test_blocks_api.TestBlocksReorder" name="test_reorder_empty_array" time="0.679" /><testcase classname="backend.tests.test_blocks_api.TestPublicProfile" name="test_public_profile_shows_visible_blocks" time="1.018" /><testcase classname="backend.tests.test_blocks_api.TestPublicProfile" name="test_public_profile_blocks_sorted_by_order" time="0.726" /><testcase classname="backend.tests.test_blocks_api.TestPublicProfile" name="test_public_profile_nonexistent_handle" time="1.019" /><testcase classname="backend.tests.test_blocks_api.TestBlockValidation" name="test_create_block_invalid_type" time="1.793" /><testcase classname="backend.tests.test_blocks_api.TestBlockValidation" name="test_create_block_missing_type" time="8.580" /></testsuite></testsuites>