<?xml version="1.0" encoding="utf-8"?><testsuites name="pytest tests"><testsuite name="pytest" errors="0" failures="1" skipped="0" tests="20" time="27.942" timestamp="2026-02-24T19:04:20.688802+00:00" hostname="agent-env-f8cb2760-fa66-4bf0-b207-96e656b0e375"><testcase classname="backend.tests.test_analytics_api.TestAnalyticsTrackAPI" name="test_track_view_event_success" time="1.164" /><testcase classname="backend.tests.test_analytics_api.TestAnalyticsTrackAPI" name="test_track_click_event_success" time="0.763" /><testcase classname="backend.tests.test_analytics_api.TestAnalyticsTrackAPI" name="test_track_view_with_referrer" time="0.915" /><testcase classname="backend.tests.test_analytics_api.TestAnalyticsTrackAPI" name="test_track_invalid_event_type" time="0.705" /><testcase classname="backend.tests.test_analytics_api.TestAnalyticsTrackAPI" name="test_track_invalid_profile_id" time="0.704" /><testcase classname="backend.tests.test_analytics_api.TestAnalyticsTrackAPI" name="test_track_missing_profile_id" time="0.693" /><testcase classname="backend.tests.test_analytics_api.TestAnalyticsTrackAPI" name="test_track_missing_event_type" time="0.699" /><testcase classname="backend.tests.test_analytics_api.TestAnalyticsGetAPI" name="test_get_analytics_without_auth" time="0.757" /><testcase classname="backend.tests.test_analytics_api.TestAnalyticsGetAPI" name="test_get_analytics_default_period" time="1.719" /><testcase classname="backend.tests.test_analytics_api.TestAnalyticsGetAPI" name="test_get_analytics_7d_period" time="1.668" /><testcase classname="backend.tests.test_analytics_api.TestAnalyticsGetAPI" name="test_get_analytics_30d_period" time="1.727" /><testcase classname="backend.tests.test_analytics_api.TestAnalyticsGetAPI" name="test_get_analytics_90d_period" time="1.733" /><testcase classname="backend.tests.test_analytics_api.TestAnalyticsGetAPI" name="test_get_analytics_sparkline_data" time="1.748" /><testcase classname="backend.tests.test_analytics_api.TestAnalyticsGetAPI" name="test_get_analytics_daily_breakdown" time="1.905" /><testcase classname="backend.tests.test_analytics_api.TestAnalyticsGetAPI" name="test_get_analytics_referrers" time="1.762" /><testcase classname="backend.tests.test_analytics_api.TestAnalyticsGetAPI" name="test_get_analytics_top_links" time="3.113" /><testcase classname="backend.tests.test_analytics_api.TestUploadSignatureAPI" name="test_get_signature_without_auth" time="0.732" /><testcase classname="backend.tests.test_analytics_api.TestUploadSignatureAPI" name="test_get_signature_success" time="1.955" /><testcase classname="backend.tests.test_analytics_api.TestUploadSignatureAPI" name="test_get_signature_image_type" time="1.676" /><testcase classname="backend.tests.test_analytics_api.TestUploadSignatureAPI" name="test_get_signature_video_forbidden_for_free" time="1.660"><failure message="assert 200 == 403&#10; +  where 200 = &lt;Response [200]&gt;.status_code">backend/tests/test_analytics_api.py:291: in test_get_signature_video_forbidden_for_free
    assert response.status_code == 403
E   assert 200 == 403
E    +  where 200 = &lt;Response [200]&gt;.status_code</failure></testcase></testsuite></testsuites>