<?xml version="1.0" encoding="utf-8"?><testsuites name="pytest tests"><testsuite name="pytest" errors="0" failures="0" skipped="0" tests="6" time="6.620" timestamp="2026-02-25T15:56:41.115373+00:00" hostname="agent-env-f8cb2760-fa66-4bf0-b207-96e656b0e375"><testcase classname="backend.tests.test_pricing_suggestions.TestPricingSuggestionAPI" name="test_suggestions_api_accepts_pricing_page_source" time="2.750" /><testcase classname="backend.tests.test_pricing_suggestions.TestPricingSuggestionAPI" name="test_suggestions_api_accepts_dashboard_source" time="2.488" /><testcase classname="backend.tests.test_pricing_suggestions.TestPricingSuggestionAPI" name="test_admin_feedback_returns_source_field" time="0.524" /><testcase classname="backend.tests.test_pricing_suggestions.TestPricingSuggestionAPI" name="test_admin_feedback_excludes_mongodb_id" time="0.554" /><testcase classname="backend.tests.test_pricing_suggestions.TestPricingPageUI" name="test_landing_page_accessible" time="0.113" /><testcase classname="backend.tests.test_pricing_suggestions.TestPricingPageUI" name="test_pricing_page_returns_html" time="0.096" /></testsuite></testsuites>