<?xml version="1.0" encoding="utf-8"?><testsuites name="pytest tests"><testsuite name="pytest" errors="0" failures="0" skipped="0" tests="20" time="48.449" timestamp="2026-02-20T18:22:22.108868+00:00" hostname="agent-env-6480a568-f8be-4393-b0d2-aa9fcc00fe17"><testcase classname="backend.tests.test_sections_api.TestSectionsAPI" name="test_get_sections_without_auth_returns_401" time="2.295" /><testcase classname="backend.tests.test_sections_api.TestSectionsAPI" name="test_post_sections_without_auth_returns_401" time="1.814" /><testcase classname="backend.tests.test_sections_api.TestSectionsAPI" name="test_get_sections_authenticated" time="1.740" /><testcase classname="backend.tests.test_sections_api.TestSectionsAPI" name="test_add_about_section" time="2.410" /><testcase classname="backend.tests.test_sections_api.TestSectionsAPI" name="test_add_retreat_section" time="2.404" /><testcase classname="backend.tests.test_sections_api.TestSectionsAPI" name="test_add_testimonials_section" time="2.100" /><testcase classname="backend.tests.test_sections_api.TestSectionsAPI" name="test_add_video_section" time="2.469" /><testcase classname="backend.tests.test_sections_api.TestSectionsAPI" name="test_add_gallery_section" time="1.793" /><testcase classname="backend.tests.test_sections_api.TestSectionsAPI" name="test_add_section_missing_type_returns_400" time="1.806" /><testcase classname="backend.tests.test_sections_api.TestSectionsAPI" name="test_add_section_missing_data_returns_400" time="1.755" /><testcase classname="backend.tests.test_sections_api.TestSectionsAPI" name="test_update_section_data" time="3.079" /><testcase classname="backend.tests.test_sections_api.TestSectionsAPI" name="test_toggle_section_visibility" time="3.220" /><testcase classname="backend.tests.test_sections_api.TestSectionsAPI" name="test_update_missing_section_id_returns_400" time="1.717" /><testcase classname="backend.tests.test_sections_api.TestSectionsAPI" name="test_update_nonexistent_section_returns_404" time="1.733" /><testcase classname="backend.tests.test_sections_api.TestSectionsAPI" name="test_delete_section" time="3.263" /><testcase classname="backend.tests.test_sections_api.TestSectionsAPI" name="test_delete_missing_section_id_returns_400" time="1.849" /><testcase classname="backend.tests.test_sections_api.TestSectionsAPI" name="test_reorder_sections" time="5.019" /><testcase classname="backend.tests.test_sections_api.TestSectionsAPI" name="test_reorder_invalid_ids_returns_400" time="1.807" /><testcase classname="backend.tests.test_sections_api.TestSectionsAPI" name="test_public_profile_includes_sections" time="1.973" /><testcase classname="backend.tests.test_sections_api.TestSectionsCleanup" name="test_cleanup_test_sections" time="4.048" /></testsuite></testsuites>