<?xml version="1.0" encoding="utf-8"?><testsuites name="pytest tests"><testsuite name="pytest" errors="0" failures="1" skipped="0" tests="13" time="8.686" timestamp="2026-02-25T16:43:31.221400+00:00" hostname="agent-env-f8cb2760-fa66-4bf0-b207-96e656b0e375"><testcase classname="backend.tests.test_admin_api.TestAdminAuthorization" name="test_admin_login_returns_isAdmin_true" time="1.046"><failure message="AssertionError: Admin user should have isAdmin=True, got: None&#10;assert None == True&#10; +  where None = &lt;built-in method get of dict object at 0xf974c5f923c0&gt;('isAdmin')&#10; +    where &lt;built-in method get of dict object at 0xf974c5f923c0&gt; = {'email': 'admin@gotoretreats.com', 'firstName': 'Admin', 'handle': 'adminuser', 'id': '699f257a647fefb4323fce45', ...}.get">backend/tests/test_admin_api.py:40: in test_admin_login_returns_isAdmin_true
    assert user.get("isAdmin") == True, f"Admin user should have isAdmin=True, got: {user.get('isAdmin')}"
E   AssertionError: Admin user should have isAdmin=True, got: None
E   assert None == True
E    +  where None = &lt;built-in method get of dict object at 0xf974c5f923c0&gt;('isAdmin')
E    +    where &lt;built-in method get of dict object at 0xf974c5f923c0&gt; = {'email': 'admin@gotoretreats.com', 'firstName': 'Admin', 'handle': 'adminuser', 'id': '699f257a647fefb4323fce45', ...}.get</failure></testcase><testcase classname="backend.tests.test_admin_api.TestAdminAuthorization" name="test_normal_user_login_returns_isAdmin_false" time="0.429" /><testcase classname="backend.tests.test_admin_api.TestAdminAPIs" name="test_admin_stats_endpoint_for_admin_user" time="0.867" /><testcase classname="backend.tests.test_admin_api.TestAdminAPIs" name="test_admin_users_endpoint_for_admin_user" time="0.670" /><testcase classname="backend.tests.test_admin_api.TestAdminAPIs" name="test_admin_users_search" time="0.532" /><testcase classname="backend.tests.test_admin_api.TestAdminAPIs" name="test_admin_feedback_endpoint_for_admin_user" time="1.700" /><testcase classname="backend.tests.test_admin_api.TestAdminAPIs" name="test_admin_feedback_filter_by_source" time="1.311" /><testcase classname="backend.tests.test_admin_api.TestNonAdminAccess" name="test_non_admin_denied_stats_endpoint" time="0.557" /><testcase classname="backend.tests.test_admin_api.TestNonAdminAccess" name="test_non_admin_denied_users_endpoint" time="0.525" /><testcase classname="backend.tests.test_admin_api.TestNonAdminAccess" name="test_non_admin_denied_feedback_endpoint" time="0.530" /><testcase classname="backend.tests.test_admin_api.TestUnauthenticatedAccess" name="test_unauthenticated_stats_returns_401" time="0.086" /><testcase classname="backend.tests.test_admin_api.TestUnauthenticatedAccess" name="test_unauthenticated_users_returns_401" time="0.100" /><testcase classname="backend.tests.test_admin_api.TestUnauthenticatedAccess" name="test_unauthenticated_feedback_returns_401" time="0.191" /></testsuite></testsuites>